android/app/build/intermediates/manifest_merge_blame_file/debug/manifest-merger-blame-debug-report.txt
1<?xml version="1.0" encoding="utf-8"?>
2<manifest xmlns:android="http://schemas.android.com/apk/res/android"
3    package="com.tccapp"
4    android:versionCode="1"
5    android:versionName="1.0" >
6
7    <uses-sdk
8        android:minSdkVersion="19"
9        android:targetSdkVersion="29" />
10
11    <uses-permission android:name="android.permission.SYSTEM_ALERT_WINDOW" />
11-->src/debug/AndroidManifest.xml:5:5-77
11-->src/debug/AndroidManifest.xml:5:22-75
12    <uses-permission android:name="android.permission.INTERNET" />
12-->src/main/AndroidManifest.xml:4:5-67
12-->src/main/AndroidManifest.xml:4:22-64
13    <uses-permission android:name="android.permission.ACCESS_NETWORK_STATE" />
13-->src/main/AndroidManifest.xml:5:5-79
13-->src/main/AndroidManifest.xml:5:22-76
14    <uses-permission android:name="android.permission.READ_EXTERNAL_STORAGE" />
14-->src/main/AndroidManifest.xml:6:5-80
14-->src/main/AndroidManifest.xml:6:22-77
15    <uses-permission android:name="android.permission.WRITE_EXTERNAL_STORAGE" />
15-->src/main/AndroidManifest.xml:7:5-81
15-->src/main/AndroidManifest.xml:7:22-78
16    <uses-permission android:name="android.permission.DOWNLOAD_WITHOUT_NOTIFICATION" />
16-->src/main/AndroidManifest.xml:8:5-88
16-->src/main/AndroidManifest.xml:8:22-85
17    <uses-permission android:name="android.permission.FOREGROUND_SERVICE" />
17-->src/main/AndroidManifest.xml:9:5-77
17-->src/main/AndroidManifest.xml:9:22-74
18    <uses-permission android:name="android.permission.ACCESS_WIFI_STATE" /> <!-- Required to access Google Play Licensing -->
18-->[com.facebook.flipper:flipper:0.37.0] AndroidManifest.xml:16:5-76
18-->[com.facebook.flipper:flipper:0.37.0] AndroidManifest.xml:16:22-73
19    <uses-permission android:name="com.android.vending.CHECK_LICENSE" />
19-->[:rn-fetch-blob] AndroidManifest.xml:12:5-73
19-->[:rn-fetch-blob] AndroidManifest.xml:12:22-70
20    <!--
21         Required to keep CPU alive while downloading files
22        (NOT to keep screen awake)
23    -->
24    <uses-permission android:name="android.permission.WAKE_LOCK" />
24-->[:rn-fetch-blob] AndroidManifest.xml:21:5-68
24-->[:rn-fetch-blob] AndroidManifest.xml:21:22-65
25
26    <uses-feature
26-->[com.google.vr:sdk-base:1.180.0] AndroidManifest.xml:10:5-12:35
27        android:glEsVersion="0x00020000"
27-->[com.google.vr:sdk-base:1.180.0] AndroidManifest.xml:11:9-41
28        android:required="true" /> <!-- Indicates use of Android's VR-mode, available only on Android N+. -->
28-->[com.google.vr:sdk-base:1.180.0] AndroidManifest.xml:12:9-32
29    <uses-feature
29-->[com.google.vr:sdk-base:1.180.0] AndroidManifest.xml:19:5-21:36
30        android:name="android.software.vr.mode"
30-->[com.google.vr:sdk-base:1.180.0] AndroidManifest.xml:20:9-48
31        android:required="false" /> <!-- Indicates use of VR features that are available only on Daydream-ready devices. -->
31-->[com.google.vr:sdk-base:1.180.0] AndroidManifest.xml:21:9-33
32    <uses-feature
32-->[com.google.vr:sdk-base:1.180.0] AndroidManifest.xml:23:5-25:36
33        android:name="android.hardware.vr.high_performance"
33-->[com.google.vr:sdk-base:1.180.0] AndroidManifest.xml:24:9-60
34        android:required="false" />
34-->[com.google.vr:sdk-base:1.180.0] AndroidManifest.xml:25:9-33
35
36    <application
36-->src/main/AndroidManifest.xml:11:5-31:19
37        android:name="com.tccapp.MainApplication"
37-->src/main/AndroidManifest.xml:12:7-38
38        android:allowBackup="false"
38-->src/main/AndroidManifest.xml:16:7-34
39        android:appComponentFactory="androidx.core.app.CoreComponentFactory"
39-->[androidx.core:core:1.5.0-alpha05] AndroidManifest.xml:24:18-86
40        android:debuggable="true"
41        android:icon="@mipmap/ic_launcher"
41-->src/main/AndroidManifest.xml:14:7-41
42        android:label="@string/app_name"
42-->src/main/AndroidManifest.xml:13:7-39
43        android:roundIcon="@mipmap/ic_launcher_round"
43-->src/main/AndroidManifest.xml:15:7-52
44        android:screenOrientation="landscape"
44-->src/main/AndroidManifest.xml:18:7-44
45        android:theme="@style/AppTheme"
45-->src/main/AndroidManifest.xml:17:7-38
46        android:usesCleartextTraffic="true" >
46-->src/debug/AndroidManifest.xml:7:18-53
47        <activity
47-->src/main/AndroidManifest.xml:19:7-29:18
48            android:name="com.tccapp.MainActivity"
48-->src/main/AndroidManifest.xml:20:9-37
49            android:configChanges="keyboard|keyboardHidden|orientation|screenSize|uiMode"
49-->src/main/AndroidManifest.xml:22:9-86
50            android:label="@string/app_name"
50-->src/main/AndroidManifest.xml:21:9-41
51            android:launchMode="singleTask"
51-->src/main/AndroidManifest.xml:23:9-40
52            android:windowSoftInputMode="adjustResize" >
52-->src/main/AndroidManifest.xml:24:9-51
53            <intent-filter>
53-->src/main/AndroidManifest.xml:25:9-28:25
54                <action android:name="android.intent.action.MAIN" />
54-->src/main/AndroidManifest.xml:26:13-65
54-->src/main/AndroidManifest.xml:26:21-62
55
56                <category android:name="android.intent.category.LAUNCHER" />
56-->src/main/AndroidManifest.xml:27:13-73
56-->src/main/AndroidManifest.xml:27:23-70
57            </intent-filter>
58        </activity>
59        <activity android:name="com.facebook.react.devsupport.DevSettingsActivity" />
59-->src/main/AndroidManifest.xml:30:7-84
59-->src/main/AndroidManifest.xml:30:17-81
60
61        <provider
61-->[:react-native-webview] AndroidManifest.xml:12:9-20:20
62            android:name="com.reactnativecommunity.webview.RNCWebViewFileProvider"
62-->[:react-native-webview] AndroidManifest.xml:13:13-83
63            android:authorities="com.tccapp.fileprovider"
63-->[:react-native-webview] AndroidManifest.xml:14:13-64
64            android:exported="false"
64-->[:react-native-webview] AndroidManifest.xml:15:13-37
65            android:grantUriPermissions="true" >
65-->[:react-native-webview] AndroidManifest.xml:16:13-47
66            <meta-data
66-->[:react-native-webview] AndroidManifest.xml:17:13-19:63
67                android:name="android.support.FILE_PROVIDER_PATHS"
67-->[:react-native-webview] AndroidManifest.xml:18:17-67
68                android:resource="@xml/file_provider_paths" />
68-->[:react-native-webview] AndroidManifest.xml:19:17-60
69        </provider>
70        <provider
70-->[:rn-fetch-blob] AndroidManifest.xml:36:9-44:20
71            android:name="com.RNFetchBlob.Utils.FileProvider"
71-->[:rn-fetch-blob] AndroidManifest.xml:37:13-62
72            android:authorities="com.tccapp.provider"
72-->[:rn-fetch-blob] AndroidManifest.xml:38:13-60
73            android:exported="false"
73-->[:rn-fetch-blob] AndroidManifest.xml:39:13-37
74            android:grantUriPermissions="true" >
74-->[:rn-fetch-blob] AndroidManifest.xml:40:13-47
75            <meta-data
75-->[:react-native-webview] AndroidManifest.xml:17:13-19:63
76                android:name="android.support.FILE_PROVIDER_PATHS"
76-->[:react-native-webview] AndroidManifest.xml:18:17-67
77                android:resource="@xml/provider_paths" />
77-->[:react-native-webview] AndroidManifest.xml:19:17-60
78        </provider>
79
80        <service
80-->[androidx.room:room-runtime:2.1.0] AndroidManifest.xml:25:9-27:40
81            android:name="androidx.room.MultiInstanceInvalidationService"
81-->[androidx.room:room-runtime:2.1.0] AndroidManifest.xml:26:13-74
82            android:exported="false" />
82-->[androidx.room:room-runtime:2.1.0] AndroidManifest.xml:27:13-37
83    </application>
84
85</manifest>